<?xml version="1.0" encoding="UTF-8"?>
<!-- Generated by org.testng.reporters.JUnitReportReporter -->
<testsuite hostname="shiv4nshumishra" failures="0" tests="1" name="pages.LoginPage" time="7.125" errors="0" timestamp="2024-02-11T10:15:30 IST" skipped="0">
  <testcase classname="pages.LoginPage" name="linkTest" time="7.125"/>
  <system-out/>
</testsuite> <!-- pages.LoginPage -->
