<?xml version="1.0" encoding="UTF-8"?>
<!-- Generated by org.testng.reporters.JUnitReportReporter -->
<testsuite hostname="iamalexanderwho" failures="0" tests="1" name="pages.LoginPageTest" time="8.407" errors="0" timestamp="2024-02-22T13:00:09 IST" skipped="0">
  <testcase classname="pages.LoginPageTest" name="LoginPagelinkTest" time="8.407"/>
  <system-out/>
</testsuite> <!-- pages.LoginPageTest -->
