<?xml version="1.0" encoding="UTF-8"?>
<!-- Generated by org.testng.reporters.JUnitReportReporter -->
<testsuite hostname="iamPoatan" failures="0" tests="2" name="Runner.Search" time="33.762" errors="0" timestamp="2024-02-29T04:43:45 IST" skipped="0">
  <testcase classname="Runner.Search" name="runScenario" time="13.340"/>
  <system-out/>
  <testcase classname="Runner.Search" name="runScenario" time="20.422"/>
  <system-out/>
</testsuite> <!-- Runner.Search -->
