<?xml version="1.0" encoding="UTF-8"?>
<!-- Generated by org.testng.reporters.JUnitReportReporter -->
<testsuite hostname="iamPoatan" failures="0" tests="1" name="Runner.WishList" time="33.311" errors="0" timestamp="2024-02-29T04:43:45 IST" skipped="0">
  <testcase classname="Runner.WishList" name="runScenario" time="33.311"/>
  <system-out/>
</testsuite> <!-- Runner.WishList -->
