<?xml version="1.0" encoding="UTF-8"?>
<!-- Generated by org.testng.reporters.JUnitReportReporter -->
<testsuite hostname="iamPoatan" failures="0" tests="1" name="Runner.Checkout" time="58.777" errors="0" timestamp="2024-02-29T04:43:45 IST" skipped="0">
  <testcase classname="Runner.Checkout" name="runScenario" time="58.777"/>
  <system-out/>
</testsuite> <!-- Runner.Checkout -->
