<?xml version="1.0" encoding="UTF-8"?>
<!-- Generated by org.testng.reporters.JUnitReportReporter -->
<testsuite hostname="iamPoatan" failures="0" tests="1" name="Runner.WishList" time="20.838" errors="0" timestamp="2024-02-29T01:08:47 IST" skipped="0">
  <testcase classname="Runner.WishList" name="runScenario" time="20.838"/>
  <system-out/>
</testsuite> <!-- Runner.WishList -->
