<?xml version="1.0" encoding="UTF-8"?>
<!-- Generated by org.testng.reporters.JUnitReportReporter -->
<testsuite hostname="shiv4nshumishra" failures="0" tests="1" name="TestNG.LoginPage" time="3.774" errors="0" timestamp="2024-01-26T05:10:28 IST" skipped="0">
  <testcase classname="TestNG.LoginPage" name="xpathLinkTest" time="3.774"/>
  <system-out/>
</testsuite> <!-- TestNG.LoginPage -->
