<?xml version="1.0" encoding="UTF-8"?>
<!-- Generated by org.testng.reporters.JUnitReportReporter -->
<testsuite hostname="shiv4nshumishra" failures="0" tests="1" name="TestNG.CartPage" time="3.659" errors="0" timestamp="2024-01-26T05:24:57 IST" skipped="0">
  <testcase classname="TestNG.CartPage" name="xpathLinkTest" time="3.659"/>
  <system-out/>
</testsuite> <!-- TestNG.CartPage -->
