<?xml version="1.0" encoding="UTF-8"?>
<!-- Generated by org.testng.reporters.JUnitReportReporter -->
<testsuite hostname="shiv4nshumishra" failures="0" tests="2" name="TestNG.RegistrationPage" time="6.899" errors="0" timestamp="2024-01-26T05:33:31 IST" skipped="0">
  <testcase classname="TestNG.RegistrationPage" name="nameBox" time="3.173"/>
  <system-out/>
  <testcase classname="TestNG.RegistrationPage" name="emailBox" time="3.726"/>
  <system-out/>
</testsuite> <!-- TestNG.RegistrationPage -->
