<?xml version="1.0" encoding="UTF-8"?>
<!-- Generated by org.testng.reporters.JUnitReportReporter -->
<testsuite hostname="shiv4nshumishra" failures="0" tests="1" name="TestNG.OrderPage" time="3.736" errors="0" timestamp="2024-01-26T05:23:50 IST" skipped="0">
  <testcase classname="TestNG.OrderPage" name="xpathLinkTest" time="3.736"/>
  <system-out/>
</testsuite> <!-- TestNG.OrderPage -->
