<?xml version="1.0" encoding="UTF-8"?>
<!-- Generated by org.testng.reporters.JUnitReportReporter -->
<testsuite hostname="shiv4nshumishra" failures="0" tests="2" name="com.shivanshu.TestNG.P2_TestNG.Annotations" time="0.011" errors="0" timestamp="2023-12-21T17:22:00 IST" skipped="0">
  <testcase classname="com.shivanshu.TestNG.P2_TestNG.Annotations" name="testTwo" time="0.003"/>
  <system-out/>
  <testcase classname="com.shivanshu.TestNG.P2_TestNG.Annotations" name="testOne" time="0.008"/>
  <system-out/>
</testsuite> <!-- com.shivanshu.TestNG.P2_TestNG.Annotations -->
