<?xml version="1.0" encoding="UTF-8"?>
<!-- Generated by org.testng.reporters.JUnitReportReporter -->
<testsuite hostname="shiv4nshumishra" failures="0" tests="2" name="com.shivanshu.TestNG.P2_TestNG.Attribute" time="0.013" errors="0" timestamp="2023-12-15T01:33:21 IST" skipped="1">
  <testcase classname="com.shivanshu.TestNG.P2_TestNG.Attribute" name="r1" time="0.013"/>
  <system-out/>
  <testcase classname="com.shivanshu.TestNG.P2_TestNG.Attribute" name="testThree">
    <skipped/>
  </testcase> <!-- testThree -->
  <system-out/>
</testsuite> <!-- com.shivanshu.TestNG.P2_TestNG.Attribute -->
