<?xml version="1.0" encoding="UTF-8"?>
<!-- Generated by org.testng.reporters.JUnitReportReporter -->
<testsuite hostname="shiv4nshumishra" failures="0" tests="3" name="com.shivanshu.TestNG.amazon.Homepage" time="13.605" errors="0" timestamp="2023-12-21T17:22:44 IST" skipped="0">
  <testcase classname="com.shivanshu.TestNG.amazon.Homepage" name="testAmazonHomePageTitle" time="7.057"/>
  <system-out/>
  <testcase classname="com.shivanshu.TestNG.amazon.Homepage" name="testAmazonHomePageSourceUrl" time="3.064"/>
  <system-out/>
  <testcase classname="com.shivanshu.TestNG.amazon.Homepage" name="testAmazonHomePageTitle2" time="3.484"/>
  <system-out/>
</testsuite> <!-- com.shivanshu.TestNG.amazon.Homepage -->
