<?xml version="1.0" encoding="UTF-8"?>
<!-- Generated by org.testng.reporters.JUnitReportReporter -->
<testsuite hostname="shiv4nshumishra" failures="0" tests="3" name="com.shivanshu.TestNG.P2_TestNG.Assertion" time="0.018" errors="0" timestamp="2023-12-15T02:15:46 IST" skipped="0">
  <testcase classname="com.shivanshu.TestNG.P2_TestNG.Assertion" name="hardAssertTest" time="0.013"/>
  <system-out/>
  <testcase classname="com.shivanshu.TestNG.P2_TestNG.Assertion" name="softAssertTest" time="0.004"/>
  <system-out/>
  <testcase classname="com.shivanshu.TestNG.P2_TestNG.Assertion" name="testAsserts" time="0.001"/>
  <system-out/>
</testsuite> <!-- com.shivanshu.TestNG.P2_TestNG.Assertion -->
