<?xml version="1.0" encoding="UTF-8"?>
<!-- Generated by org.testng.reporters.JUnitReportReporter -->
<testsuite hostname="shiv4nshumishra" failures="0" tests="4" name="com.shivanshu.TestNG.amazon.Search" time="13.535" errors="0" timestamp="2023-12-15T03:17:57 IST" skipped="0">
  <testcase classname="com.shivanshu.TestNG.amazon.Search" name="testSearch2" time="4.017"/>
  <system-out/>
  <testcase classname="com.shivanshu.TestNG.amazon.Search" name="testSearch3" time="2.946"/>
  <system-out/>
  <testcase classname="com.shivanshu.TestNG.amazon.Search" name="testSearch4" time="3.330"/>
  <system-out/>
  <testcase classname="com.shivanshu.TestNG.amazon.Search" name="testSearch1" time="3.242"/>
  <system-out/>
</testsuite> <!-- com.shivanshu.TestNG.amazon.Search -->
