<?xml version="1.0" encoding="UTF-8"?>
<!-- Generated by org.testng.reporters.JUnitReportReporter -->
<testsuite hostname="shiv4nshumishra" failures="0" tests="10" name="com.shivanshu.TestNG.Group.BrowserBasedGroupTest" time="15.955" errors="0" timestamp="2023-12-16T22:04:37 IST" skipped="0">
  <testcase classname="com.shivanshu.TestNG.Group.BrowserBasedGroupTest" name="launchChrome" time="3.651"/>
  <system-out/>
  <testcase classname="com.shivanshu.TestNG.Group.BrowserBasedGroupTest" name="closeChrome" time="0.125"/>
  <system-out/>
  <testcase classname="com.shivanshu.TestNG.Group.BrowserBasedGroupTest" name="closeEdge" time="0.250"/>
  <system-out/>
  <testcase classname="com.shivanshu.TestNG.Group.BrowserBasedGroupTest" name="launchEdgeTest" time="5.028"/>
  <system-out/>
  <testcase classname="com.shivanshu.TestNG.Group.BrowserBasedGroupTest" name="testHomePageTitle" time="0.013"/>
  <system-out/>
  <testcase classname="com.shivanshu.TestNG.Group.BrowserBasedGroupTest" name="testFaceBookHomePage" time="0.022"/>
  <system-out/>
  <testcase classname="com.shivanshu.TestNG.Group.BrowserBasedGroupTest" name="testHomePageSourceUrl" time="0.013"/>
  <system-out/>
  <testcase classname="com.shivanshu.TestNG.Group.BrowserBasedGroupTest" name="testFailureLogin" time="2.632"/>
  <system-out/>
  <testcase classname="com.shivanshu.TestNG.Group.BrowserBasedGroupTest" name="testAmazonHomePageTitle2" time="0.009"/>
  <system-out/>
  <testcase classname="com.shivanshu.TestNG.Group.BrowserBasedGroupTest" name="testSearch1" time="4.212"/>
  <system-out/>
</testsuite> <!-- com.shivanshu.TestNG.Group.BrowserBasedGroupTest -->
