<?xml version="1.0" encoding="UTF-8"?>
<!-- Generated by org.testng.reporters.JUnitReportReporter -->
<testsuite hostname="shiv4nshumishra" failures="0" tests="2" name="com.shivanshu.TestNG.amazon.AmazonSearchReport" time="8.062" errors="0" timestamp="2023-12-16T22:08:07 IST" skipped="0">
  <testcase classname="com.shivanshu.TestNG.amazon.AmazonSearchReport" name="testSearch2" time="4.122"/>
  <system-out/>
  <testcase classname="com.shivanshu.TestNG.amazon.AmazonSearchReport" name="testSearch1" time="3.940"/>
  <system-out/>
</testsuite> <!-- com.shivanshu.TestNG.amazon.AmazonSearchReport -->
