<?xml version="1.0" encoding="UTF-8"?>
<!-- Generated by org.testng.reporters.JUnitReportReporter -->
<testsuite hostname="iamPoatan" failures="3" tests="5" name="Runner.Registration" time="65.676" errors="0" timestamp="2024-03-01T09:56:22 IST" skipped="0">
  <testcase classname="Runner.Registration" name="runScenario" time="11.929"/>
  <system-out/>
  <testcase classname="Runner.Registration" name="runScenario" time="16.011">
    <failure message="Failure got to catch block" type="java.lang.AssertionError">
      <![CDATA[java.lang.AssertionError: Failure got to catch block
at org.testng.Assert.fail(Assert.java:110)
at Steps.Registration.the_user_clicks_on_register(Registration.java:123)
at ✽.the user clicks on register(file:///D:/demowebshop.tricentis.com/src/test/java/Features/RegistrationFeature.feature:13)
]]>
    </failure>
  </testcase> <!-- runScenario -->
  <system-out/>
  <testcase classname="Runner.Registration" name="runScenario" time="11.680"/>
  <system-out/>
  <testcase classname="Runner.Registration" name="runScenario" time="12.602">
    <failure message="Failure got to catch block" type="java.lang.AssertionError">
      <![CDATA[java.lang.AssertionError: Failure got to catch block
at org.testng.Assert.fail(Assert.java:110)
at Steps.Registration.the_user_clicks_on_register(Registration.java:123)
at ✽.the user clicks on register(file:///D:/demowebshop.tricentis.com/src/test/java/Features/RegistrationFeature.feature:13)
]]>
    </failure>
  </testcase> <!-- runScenario -->
  <system-out/>
  <testcase classname="Runner.Registration" name="runScenario" time="13.454">
    <failure message="Failure got to catch block" type="java.lang.AssertionError">
      <![CDATA[java.lang.AssertionError: Failure got to catch block
at org.testng.Assert.fail(Assert.java:110)
at Steps.Registration.the_user_clicks_on_register(Registration.java:123)
at ✽.the user clicks on register(file:///D:/demowebshop.tricentis.com/src/test/java/Features/RegistrationFeature.feature:13)
]]>
    </failure>
  </testcase> <!-- runScenario -->
  <system-out/>
</testsuite> <!-- Runner.Registration -->
