<?xml version="1.0" encoding="UTF-8"?>
<!-- Generated by org.testng.reporters.JUnitReportReporter -->
<testsuite hostname="iamPoatan" failures="0" tests="1" name="Runner.Checkout" time="68.310" errors="0" timestamp="2024-03-01T09:45:21 IST" skipped="0">
  <testcase classname="Runner.Checkout" name="runScenario" time="68.310"/>
  <system-out/>
</testsuite> <!-- Runner.Checkout -->
