<?xml version="1.0" encoding="UTF-8"?>
<!-- Generated by org.testng.reporters.JUnitReportReporter -->
<testsuite hostname="iamPoatan" failures="0" tests="1" name="Runner.WishList" time="39.866" errors="0" timestamp="2024-03-01T09:45:21 IST" skipped="0">
  <testcase classname="Runner.WishList" name="runScenario" time="39.866"/>
  <system-out/>
</testsuite> <!-- Runner.WishList -->
