<?xml version="1.0" encoding="UTF-8"?>
<!-- Generated by org.testng.reporters.JUnitReportReporter -->
<testsuite hostname="iamPoatan" failures="0" tests="2" name="Runner.Search" time="36.268" errors="0" timestamp="2024-03-01T09:45:21 IST" skipped="0">
  <testcase classname="Runner.Search" name="runScenario" time="14.329"/>
  <system-out/>
  <testcase classname="Runner.Search" name="runScenario" time="21.939"/>
  <system-out/>
</testsuite> <!-- Runner.Search -->
